<?xml version="1.0" encoding="UTF-8"?>
<testsuite name="com.example.firstproject.test" tests="1" skipped="0" failures="0" errors="0" timestamp="2024-04-02T12:36:06" hostname="PARK" time="0.025">
  <properties/>
  <testcase name="test()" classname="com.example.firstproject.test" time="0.025"/>
  <system-out><![CDATA[TestClass(title=hi, content=hello)
]]></system-out>
  <system-err><![CDATA[]]></system-err>
</testsuite>
